<?xml version="1.0" encoding="UTF-8"?>
<!-- Generated by org.testng.reporters.JUnitReportReporter -->
<testsuite skipped="0" hostname="SRBGRZWM53" name="pyp.LoginValidationChecks" tests="5" failures="0" timestamp="21 Dec 2020 16:21:37 GMT" time="8.903" errors="0">
  <testcase name="navigateToRegistrationPage" time="7.352" classname="pyp.LoginValidationChecks"/>
  <testcase name="validationAllFieldsBlank" time="0.172" classname="pyp.LoginValidationChecks"/>
  <testcase name="validationEmailWrongFormat" time="0.285" classname="pyp.LoginValidationChecks"/>
  <testcase name="validationPasswordLenght" time="0.247" classname="pyp.LoginValidationChecks"/>
  <testcase name="validationWrongCredetials" time="0.847" classname="pyp.LoginValidationChecks"/>
</testsuite> <!-- pyp.LoginValidationChecks -->
