<?xml version="1.0" encoding="UTF-8"?>
<!-- Generated by org.testng.reporters.JUnitReportReporter -->
<testsuite skipped="0" hostname="SRBGRZWM53" name="pyp.MyProfilePassword" tests="2" failures="0" timestamp="21 Dec 2020 16:46:27 GMT" time="1.300" errors="0">
  <testcase name="myProfileNewPassword" time="0.964" classname="pyp.MyProfilePassword"/>
  <testcase name="myProfileBackPasswordAndLogin" time="0.336" classname="pyp.MyProfilePassword"/>
</testsuite> <!-- pyp.MyProfilePassword -->
