<?xml version="1.0" encoding="UTF-8"?>
<!-- Generated by org.testng.reporters.JUnitReportReporter -->
<testsuite skipped="0" hostname="SRBGRZWM53" name="pyp.Login_logout" tests="1" failures="0" timestamp="21 Dec 2020 16:19:46 GMT" time="8.477" errors="0">
  <testcase name="loginAndLogout" time="8.477" classname="pyp.Login_logout"/>
</testsuite> <!-- pyp.Login_logout -->
