<?xml version="1.0" encoding="UTF-8"?>
<!-- Generated by org.testng.reporters.JUnitReportReporter -->
<testsuite skipped="0" hostname="SRBGRZWM53" name="pyp.GetInspiredSpeedsFilter" tests="1" failures="0" timestamp="21 Dec 2020 16:17:02 GMT" time="42.892" errors="0">
  <testcase name="speedsFilter" time="42.892" classname="pyp.GetInspiredSpeedsFilter"/>
</testsuite> <!-- pyp.GetInspiredSpeedsFilter -->
