<?xml version="1.0" encoding="UTF-8"?>
<!-- Generated by org.testng.reporters.JUnitReportReporter -->
<testsuite skipped="0" hostname="SRBGRZWM53" name="pyp.TemplatesCategories" tests="2" failures="0" timestamp="21 Dec 2020 17:35:56 GMT" time="20.884" errors="0">
  <testcase name="categories" time="6.643" classname="pyp.TemplatesCategories"/>
  <testcase name="categoriesWithFilterNotFound" time="14.241" classname="pyp.TemplatesCategories"/>
</testsuite> <!-- pyp.TemplatesCategories -->
