<?xml version="1.0" encoding="UTF-8"?>
<!-- Generated by org.testng.reporters.JUnitReportReporter -->
<testsuite skipped="0" hostname="SRBGRZWM53" name="pyp.GetInspiredNumberOfPhotosFilter" tests="1" failures="0" timestamp="21 Dec 2020 16:17:02 GMT" time="22.524" errors="0">
  <testcase name="numberOfPhotosFilter" time="22.524" classname="pyp.GetInspiredNumberOfPhotosFilter"/>
</testsuite> <!-- pyp.GetInspiredNumberOfPhotosFilter -->
