<?xml version="1.0" encoding="UTF-8"?>
<!-- Generated by org.testng.reporters.JUnitReportReporter -->
<testsuite skipped="0" hostname="SRBGRZWM53" name="pyp.LoginPageLinksCheck" tests="1" failures="0" timestamp="21 Dec 2020 16:21:18 GMT" time="8.459" errors="0">
  <testcase name="linksCheck" time="8.459" classname="pyp.LoginPageLinksCheck"/>
</testsuite> <!-- pyp.LoginPageLinksCheck -->
