<?xml version="1.0" encoding="UTF-8"?>
<!-- Generated by org.testng.reporters.JUnitReportReporter -->
<testsuite skipped="0" hostname="SRBGRZWM53" name="pyp.MyFilesFunctionalities" tests="3" failures="0" timestamp="21 Dec 2020 17:30:29 GMT" time="14.776" errors="0">
  <testcase name="viewMediaOption" time="6.054" classname="pyp.MyFilesFunctionalities"/>
  <testcase name="renameMediaOption" time="4.727" classname="pyp.MyFilesFunctionalities"/>
  <testcase name="downloadMediaOption" time="3.995" classname="pyp.MyFilesFunctionalities"/>
</testsuite> <!-- pyp.MyFilesFunctionalities -->
