<?xml version="1.0" encoding="UTF-8"?>
<!-- Generated by org.testng.reporters.JUnitReportReporter -->
<testsuite skipped="0" hostname="SRBGRZWM53" name="pyp.TemplatesMoodFilter" tests="1" failures="0" timestamp="21 Dec 2020 17:38:17 GMT" time="32.520" errors="0">
  <testcase name="moodFilter" time="32.520" classname="pyp.TemplatesMoodFilter"/>
</testsuite> <!-- pyp.TemplatesMoodFilter -->
