<?xml version="1.0" encoding="UTF-8"?>
<!-- Generated by org.testng.reporters.JUnitReportReporter -->
<testsuite skipped="0" hostname="SRBGRZWM53" name="pyp.GetInspiredDurationFilter" tests="1" failures="0" timestamp="21 Dec 2020 16:17:02 GMT" time="23.110" errors="0">
  <testcase name="durationFilter" time="23.110" classname="pyp.GetInspiredDurationFilter"/>
</testsuite> <!-- pyp.GetInspiredDurationFilter -->
