<?xml version="1.0" encoding="UTF-8"?>
<!-- Generated by org.testng.reporters.JUnitReportReporter -->
<testsuite skipped="0" hostname="SRBGRZWM53" name="pyp.RegistrationValidationChecks" tests="6" failures="0" timestamp="21 Dec 2020 17:33:51 GMT" time="9.519" errors="0">
  <testcase name="navigateToRegistrationPage" time="6.950" classname="pyp.RegistrationValidationChecks"/>
  <testcase name="validationAllFieldsBlank" time="0.266" classname="pyp.RegistrationValidationChecks"/>
  <testcase name="validationEmailWrongFormat" time="0.472" classname="pyp.RegistrationValidationChecks"/>
  <testcase name="validationPasswordLenght" time="0.424" classname="pyp.RegistrationValidationChecks"/>
  <testcase name="validationPasswordDoesntMatch" time="0.442" classname="pyp.RegistrationValidationChecks"/>
  <testcase name="validationWhereUserExist" time="0.965" classname="pyp.RegistrationValidationChecks"/>
</testsuite> <!-- pyp.RegistrationValidationChecks -->
