<?xml version="1.0" encoding="UTF-8"?>
<!-- Generated by org.testng.reporters.JUnitReportReporter -->
<testsuite skipped="0" hostname="SRBGRZWM53" name="pyp.TerminateBrowser" tests="1" failures="0" timestamp="21 Dec 2020 17:38:17 GMT" time="0.635" errors="0">
  <testcase name="teardown" time="0.635" classname="pyp.TerminateBrowser"/>
</testsuite> <!-- pyp.TerminateBrowser -->
