<?xml version="1.0" encoding="UTF-8"?>
<!-- Generated by org.testng.reporters.JUnitReportReporter -->
<testsuite skipped="0" hostname="SRBGRZWM53" name="pyp.TemplatesRandomAllFilters" tests="1" failures="0" timestamp="21 Dec 2020 17:38:17 GMT" time="4.977" errors="0">
  <testcase name="RandomFilters" time="4.977" classname="pyp.TemplatesRandomAllFilters"/>
</testsuite> <!-- pyp.TemplatesRandomAllFilters -->
