<?xml version="1.0" encoding="UTF-8"?>
<!-- Generated by org.testng.reporters.JUnitReportReporter -->
<testsuite skipped="0" hostname="SRBGRZWM53" name="pyp.TemplatesSearchBar" tests="2" failures="0" timestamp="21 Dec 2020 17:38:52 GMT" time="1.162" errors="0">
  <testcase name="searchBarByKeyword" time="0.400" classname="pyp.TemplatesSearchBar"/>
  <testcase name="validationIfVideoDontExistAfterSearch" time="0.762" classname="pyp.TemplatesSearchBar"/>
</testsuite> <!-- pyp.TemplatesSearchBar -->
