<?xml version="1.0" encoding="UTF-8"?>
<!-- Generated by org.testng.reporters.JUnitReportReporter -->
<testsuite skipped="0" hostname="SRBGRZWM53" name="pyp.TemplatesVideoFormat" tests="1" failures="0" timestamp="21 Dec 2020 17:39:45 GMT" time="4.705" errors="0">
  <testcase name="checkVideoFormat" time="4.705" classname="pyp.TemplatesVideoFormat"/>
</testsuite> <!-- pyp.TemplatesVideoFormat -->
