<?xml version="1.0" encoding="UTF-8"?>
<!-- Generated by org.testng.reporters.JUnitReportReporter -->
<testsuite skipped="0" hostname="SRBGRZWM53" name="pyp.MyFilesDeleteFiles" tests="2" failures="0" timestamp="21 Dec 2020 17:32:37 GMT" time="9.007" errors="0">
  <testcase name="deleteFilesOnMedia" time="4.389" classname="pyp.MyFilesDeleteFiles"/>
  <testcase name="deleteFilesOnIcon" time="4.618" classname="pyp.MyFilesDeleteFiles"/>
</testsuite> <!-- pyp.MyFilesDeleteFiles -->
