<?xml version="1.0" encoding="UTF-8"?>
<!-- Generated by org.testng.reporters.JUnitReportReporter -->
<testsuite skipped="0" hostname="SRBGRZWM53" name="pyp.MyFavoritesSearchBar" tests="3" failures="0" timestamp="21 Dec 2020 16:38:29 GMT" time="13.396" errors="0">
  <testcase name="checkMediaOnPage" time="2.337" classname="pyp.MyFavoritesSearchBar"/>
  <testcase name="wrongSearchMedia" time="10.150" classname="pyp.MyFavoritesSearchBar"/>
  <testcase name="searchMedia" time="0.909" classname="pyp.MyFavoritesSearchBar"/>
</testsuite> <!-- pyp.MyFavoritesSearchBar -->
