<?xml version="1.0" encoding="UTF-8"?>
<!-- Generated by org.testng.reporters.JUnitReportReporter -->
<testsuite skipped="0" hostname="SRBGRZWM53" name="pyp.MyProfilePasswordValidationChecks" tests="5" failures="0" timestamp="21 Dec 2020 16:45:58 GMT" time="1.741" errors="0">
  <testcase name="myProfilePassword" time="0.280" classname="pyp.MyProfilePasswordValidationChecks"/>
  <testcase name="validationAllFieldsBlank" time="0.192" classname="pyp.MyProfilePasswordValidationChecks"/>
  <testcase name="oldPasswordWrongValidation" time="0.667" classname="pyp.MyProfilePasswordValidationChecks"/>
  <testcase name="newPasswordWrongLenght" time="0.302" classname="pyp.MyProfilePasswordValidationChecks"/>
  <testcase name="passwordDoesntMatch" time="0.300" classname="pyp.MyProfilePasswordValidationChecks"/>
</testsuite> <!-- pyp.MyProfilePasswordValidationChecks -->
