<?xml version="1.0" encoding="UTF-8"?>
<!-- Generated by org.testng.reporters.JUnitReportReporter -->
<testsuite skipped="0" hostname="SRBGRZWM53" name="pyp.RegistrationLinksCheck" tests="2" failures="0" timestamp="21 Dec 2020 17:33:37 GMT" time="9.009" errors="0">
  <testcase name="navigateToRegistrationPage" time="6.837" classname="pyp.RegistrationLinksCheck"/>
  <testcase name="linksCheck" time="2.172" classname="pyp.RegistrationLinksCheck"/>
</testsuite> <!-- pyp.RegistrationLinksCheck -->
