<?xml version="1.0" encoding="UTF-8"?>
<!-- Generated by org.testng.reporters.JUnitReportReporter -->
<testsuite skipped="0" hostname="SRBGRZWM53" name="pyp.GetInspiredSearchBar" tests="3" failures="0" timestamp="21 Dec 2020 16:19:27 GMT" time="25.559" errors="0">
  <testcase name="getInspiredBadSearch" time="4.360" classname="pyp.GetInspiredSearchBar"/>
  <testcase name="getInspiredSearch" time="3.028" classname="pyp.GetInspiredSearchBar"/>
  <testcase name="loadMoreTemplates" time="18.171" classname="pyp.GetInspiredSearchBar"/>
</testsuite> <!-- pyp.GetInspiredSearchBar -->
