<?xml version="1.0" encoding="UTF-8"?>
<!-- Generated by org.testng.reporters.JUnitReportReporter -->
<testsuite skipped="0" hostname="SRBGRZWM53" name="pyp.MyProfileEmailNotification" tests="2" failures="0" timestamp="21 Dec 2020 16:45:37 GMT" time="1.031" errors="0">
  <testcase name="myProfile" time="0.231" classname="pyp.MyProfileEmailNotification"/>
  <testcase name="emailNotification" time="0.800" classname="pyp.MyProfileEmailNotification"/>
</testsuite> <!-- pyp.MyProfileEmailNotification -->
