<?xml version="1.0" encoding="UTF-8"?>
<!-- Generated by org.testng.reporters.JUnitReportReporter -->
<testsuite skipped="0" hostname="SRBGRZWM53" name="pyp.GetInspiredMoodFilter" tests="1" failures="0" timestamp="21 Dec 2020 16:17:02 GMT" time="33.959" errors="0">
  <testcase name="moodFilter" time="33.959" classname="pyp.GetInspiredMoodFilter"/>
</testsuite> <!-- pyp.GetInspiredMoodFilter -->
