<?xml version="1.0" encoding="UTF-8"?>
<!-- Generated by org.testng.reporters.JUnitReportReporter -->
<testsuite skipped="0" hostname="SRBGRZWM53" name="pyp.MyFavoritesVideoFormat" tests="2" failures="0" timestamp="21 Dec 2020 16:40:05 GMT" time="14.523" errors="0">
  <testcase name="checkMediaOnPage" time="10.245" classname="pyp.MyFavoritesVideoFormat"/>
  <testcase name="checkVideoFormat" time="4.278" classname="pyp.MyFavoritesVideoFormat"/>
</testsuite> <!-- pyp.MyFavoritesVideoFormat -->
