<?xml version="1.0" encoding="UTF-8"?>
<!-- Generated by org.testng.reporters.JUnitReportReporter -->
<testsuite skipped="0" hostname="SRBGRZWM53" name="pyp.ForgotPasswordValidationChecks" tests="4" failures="0" timestamp="21 Dec 2020 14:54:30 GMT" time="10.442" errors="0">
  <testcase name="forgotPasswordNavigation" time="8.192" classname="pyp.ForgotPasswordValidationChecks"/>
  <testcase name="validationEmailFieldBlank" time="0.089" classname="pyp.ForgotPasswordValidationChecks"/>
  <testcase name="validationEmailWrongFormat" time="0.156" classname="pyp.ForgotPasswordValidationChecks"/>
  <testcase name="validationEmailDontExist" time="2.005" classname="pyp.ForgotPasswordValidationChecks"/>
</testsuite> <!-- pyp.ForgotPasswordValidationChecks -->
