<?xml version="1.0" encoding="UTF-8"?>
<!-- Generated by org.testng.reporters.JUnitReportReporter -->
<testsuite skipped="0" hostname="SRBGRZWM53" name="pyp.Registration" tests="2" failures="0" timestamp="21 Dec 2020 17:33:17 GMT" time="9.100" errors="0">
  <testcase name="homepage" time="6.601" classname="pyp.Registration"/>
  <testcase name="registration" time="2.499" classname="pyp.Registration"/>
</testsuite> <!-- pyp.Registration -->
