<?xml version="1.0" encoding="UTF-8"?>
<!-- Generated by org.testng.reporters.JUnitReportReporter -->
<testsuite skipped="0" hostname="SRBGRZWM53" name="pyp.GetInspiredRandomAllFilters" tests="1" failures="0" timestamp="21 Dec 2020 16:17:02 GMT" time="5.209" errors="0">
  <testcase name="RandomFilters" time="5.209" classname="pyp.GetInspiredRandomAllFilters"/>
</testsuite> <!-- pyp.GetInspiredRandomAllFilters -->
