<?xml version="1.0" encoding="UTF-8"?>
<!-- Generated by org.testng.reporters.JUnitReportReporter -->
<testsuite skipped="0" hostname="SRBGRZWM53" name="pyp.MyFilesSearchBar" tests="2" failures="0" timestamp="21 Dec 2020 17:27:11 GMT" time="17.320" errors="0">
  <testcase name="searchMedia" time="4.369" classname="pyp.MyFilesSearchBar"/>
  <testcase name="wrongSearchMedia" time="12.951" classname="pyp.MyFilesSearchBar"/>
</testsuite> <!-- pyp.MyFilesSearchBar -->
