<?xml version="1.0" encoding="UTF-8"?>
<!-- Generated by org.testng.reporters.JUnitReportReporter -->
<testsuite skipped="0" hostname="SRBGRZWM53" name="pyp.MyFavoritesPreview" tests="2" failures="0" timestamp="21 Dec 2020 16:34:36 GMT" time="3.144" errors="0">
  <testcase name="myFavoritesPreview" time="2.628" classname="pyp.MyFavoritesPreview"/>
  <testcase name="deleteAllFavorites" time="0.516" classname="pyp.MyFavoritesPreview"/>
</testsuite> <!-- pyp.MyFavoritesPreview -->
