<?xml version="1.0" encoding="UTF-8"?>
<!-- Generated by org.testng.reporters.JUnitReportReporter -->
<testsuite skipped="0" hostname="SRBGRZWM53" name="pyp.GetInspiredNewestAndPopularFilter" tests="1" failures="0" timestamp="21 Dec 2020 16:17:31 GMT" time="12.400" errors="0">
  <testcase name="getInspiredNewestAndPopular" time="12.400" classname="pyp.GetInspiredNewestAndPopularFilter"/>
</testsuite> <!-- pyp.GetInspiredNewestAndPopularFilter -->
