<?xml version="1.0" encoding="UTF-8"?>
<!-- Generated by org.testng.reporters.JUnitReportReporter -->
<testsuite skipped="0" hostname="SRBGRZWM53" name="pyp.MyProfileAccount" tests="5" failures="0" timestamp="21 Dec 2020 16:44:35 GMT" time="21.247" errors="0">
  <testcase name="myProfile" time="0.246" classname="pyp.MyProfileAccount"/>
  <testcase name="updateName" time="0.690" classname="pyp.MyProfileAccount"/>
  <testcase name="uploadPicture" time="3.507" classname="pyp.MyProfileAccount"/>
  <testcase name="deleteAvatarPicture" time="14.384" classname="pyp.MyProfileAccount"/>
  <testcase name="uploadPicture1" time="2.420" classname="pyp.MyProfileAccount"/>
</testsuite> <!-- pyp.MyProfileAccount -->
