<?xml version="1.0" encoding="UTF-8"?>
<!-- Generated by org.testng.reporters.JUnitReportReporter -->
<testsuite skipped="0" hostname="SRBGRZWM53" name="pyp.MyFilesSortFunctionalities" tests="3" failures="0" timestamp="21 Dec 2020 17:20:35 GMT" time="7.943" errors="0">
  <testcase name="sortNameFunctionality" time="4.629" classname="pyp.MyFilesSortFunctionalities"/>
  <testcase name="sortDateFunctionality" time="1.387" classname="pyp.MyFilesSortFunctionalities"/>
  <testcase name="sortSizeFunctionality" time="1.927" classname="pyp.MyFilesSortFunctionalities"/>
</testsuite> <!-- pyp.MyFilesSortFunctionalities -->
